<?xml version="1.0" encoding="UTF-8"?>
<!-- Generated by org.testng.reporters.JUnitReportReporter -->
<testsuite hostname="LAPTOP-J2EHUA6C" failures="0" tests="3" name="com.Testng.day4.DataProviver.DataProvider_Concepts" time="0.017" errors="0" timestamp="2024-03-05T20:39:30 EST" skipped="0">
  <testcase classname="com.Testng.day4.DataProviver.DataProvider_Concepts" name="positiveLogin" time="0.013"/>
  <testcase classname="com.Testng.day4.DataProviver.DataProvider_Concepts" name="positiveLogin" time="0.002"/>
  <testcase classname="com.Testng.day4.DataProviver.DataProvider_Concepts" name="positiveLogin" time="0.002"/>
</testsuite> <!-- com.Testng.day4.DataProviver.DataProvider_Concepts -->
