<?xml version="1.0" encoding="UTF-8"?>
<!-- Generated by org.testng.reporters.JUnitReportReporter -->
<testsuite hostname="LAPTOP-J2EHUA6C" failures="0" tests="1" name="com.Testng.day3.Alerts" time="6.586" errors="0" timestamp="2024-03-05T14:30:53 EST" skipped="0">
  <testcase classname="com.Testng.day3.Alerts" name="loginTest" time="6.586"/>
</testsuite> <!-- com.Testng.day3.Alerts -->
