<?xml version="1.0" encoding="UTF-8"?>
<!-- Generated by org.testng.reporters.JUnitReportReporter -->
<testsuite hostname="LAPTOP-J2EHUA6C" failures="0" tests="1" name="com.Testng.day2.Validation.Validating_WarningMessages" time="6.806" errors="0" timestamp="2024-03-04T16:43:03 EST" skipped="0">
  <testcase classname="com.Testng.day2.Validation.Validating_WarningMessages" name="validatingLoginWarningMessage" time="6.806"/>
</testsuite> <!-- com.Testng.day2.Validation.Validating_WarningMessages -->
