<?xml version="1.0" encoding="UTF-8"?>
<!-- Generated by org.testng.reporters.JUnitReportReporter -->
<testsuite hostname="LAPTOP-J2EHUA6C" failures="0" tests="1" name="com.Testng.day3.Alerts.Assertions" time="8.757" errors="0" timestamp="2024-03-07T16:47:53 EST" skipped="0">
  <testcase classname="com.Testng.day3.Alerts.Assertions" name="loginTest" time="8.757"/>
</testsuite> <!-- com.Testng.day3.Alerts.Assertions -->
