<?xml version="1.0" encoding="UTF-8"?>
<!-- Generated by org.testng.reporters.JUnitReportReporter -->
<testsuite hostname="LAPTOP-J2EHUA6C" failures="0" tests="5" name="com.Testng.day6.DateTimeStamp.TN_Registration" time="38.484" errors="0" timestamp="2024-03-07T16:05:41 EST" skipped="0">
  <testcase classname="com.Testng.day6.DateTimeStamp.TN_Registration" name="tnRegistration" time="7.428"/>
  <testcase classname="com.Testng.day6.DateTimeStamp.TN_Registration" name="tnRegistration" time="7.416"/>
  <testcase classname="com.Testng.day6.DateTimeStamp.TN_Registration" name="tnRegistration" time="7.669"/>
  <testcase classname="com.Testng.day6.DateTimeStamp.TN_Registration" name="tnRegistration" time="8.527"/>
  <testcase classname="com.Testng.day6.DateTimeStamp.TN_Registration" name="tnRegistration" time="7.444"/>
</testsuite> <!-- com.Testng.day6.DateTimeStamp.TN_Registration -->
