<?xml version="1.0" encoding="UTF-8"?>
<!-- Generated by org.testng.reporters.JUnitReportReporter -->
<testsuite hostname="LAPTOP-J2EHUA6C" failures="0" tests="2" name="com.Testng.day1.Xpath_CSS.TutorialsNinjaCSS" time="29.549" errors="0" timestamp="2024-02-22T22:34:34 EST" skipped="0">
  <testcase classname="com.Testng.day1.Xpath_CSS.TutorialsNinjaCSS" name="validLogin" time="12.900"/>
  <testcase classname="com.Testng.day1.Xpath_CSS.TutorialsNinjaCSS" name="validRegistration" time="16.649"/>
</testsuite> <!-- com.Testng.day1.Xpath_CSS.TutorialsNinjaCSS -->
