<?xml version="1.0" encoding="UTF-8"?>
<!-- Generated by org.testng.reporters.JUnitReportReporter -->
<testsuite hostname="LAPTOP-J2EHUA6C" failures="0" tests="1" name="com.Testng.day5.MultipleWebElements.Flipkart" time="8.692" errors="0" timestamp="2024-03-06T13:21:30 EST" skipped="0">
  <testcase classname="com.Testng.day5.MultipleWebElements.Flipkart" name="shirtsFK" time="8.692"/>
</testsuite> <!-- com.Testng.day5.MultipleWebElements.Flipkart -->
