<?xml version="1.0" encoding="UTF-8"?>
<!-- Generated by org.testng.reporters.JUnitReportReporter -->
<testsuite hostname="LAPTOP-J2EHUA6C" failures="0" tests="2" name="com.Testng.day1.Xpath_CSS.Demo" time="0.010" errors="0" timestamp="2024-02-22T14:19:13 EST" skipped="0">
  <testcase classname="com.Testng.day1.Xpath_CSS.Demo" name="test1" time="0.008"/>
  <testcase classname="com.Testng.day1.Xpath_CSS.Demo" name="test2" time="0.002"/>
</testsuite> <!-- com.Testng.day1.Xpath_CSS.Demo -->
