<?xml version="1.0" encoding="UTF-8"?>
<!-- Generated by org.testng.reporters.JUnitReportReporter -->
<testsuite hostname="LAPTOP-J2EHUA6C" failures="0" tests="1" name="com.Testng.day5.MultipleWebElements.BBC" time="15.616" errors="0" timestamp="2024-03-06T15:59:59 EST" skipped="0">
  <testcase classname="com.Testng.day5.MultipleWebElements.BBC" name="bbcLinks" time="15.616"/>
</testsuite> <!-- com.Testng.day5.MultipleWebElements.BBC -->
