<?xml version="1.0" encoding="UTF-8"?>
<!-- Generated by org.testng.reporters.JUnitReportReporter -->
<testsuite hostname="LAPTOP-J2EHUA6C" failures="0" tests="1" name="com.Testng.day2.Validation.Validating_WebElements" time="5.848" errors="0" timestamp="2024-03-04T17:14:33 EST" skipped="0">
  <testcase classname="com.Testng.day2.Validation.Validating_WebElements" name="validatingAppleCinemaLink" time="5.848"/>
</testsuite> <!-- com.Testng.day2.Validation.Validating_WebElements -->
