<?xml version="1.0" encoding="UTF-8"?>
<!-- Generated by org.testng.reporters.JUnitReportReporter -->
<testsuite hostname="LAPTOP-J2EHUA6C" failures="0" tests="10" name="com.Testng.day4.DataProviver.DataProvider_TN" time="108.140" errors="0" timestamp="2024-03-05T21:14:45 EST" skipped="0">
  <testcase classname="com.Testng.day4.DataProviver.DataProvider_TN" name="positiveLogin" time="12.336"/>
  <testcase classname="com.Testng.day4.DataProviver.DataProvider_TN" name="positiveLogin" time="14.164"/>
  <testcase classname="com.Testng.day4.DataProviver.DataProvider_TN" name="positiveLogin" time="12.196"/>
  <testcase classname="com.Testng.day4.DataProviver.DataProvider_TN" name="positiveLogin" time="12.471"/>
  <testcase classname="com.Testng.day4.DataProviver.DataProvider_TN" name="positiveLogin" time="12.614"/>
  <testcase classname="com.Testng.day4.DataProviver.DataProvider_TN" name="rediffLogin" time="8.499"/>
  <testcase classname="com.Testng.day4.DataProviver.DataProvider_TN" name="rediffLogin" time="9.783"/>
  <testcase classname="com.Testng.day4.DataProviver.DataProvider_TN" name="rediffLogin" time="9.157"/>
  <testcase classname="com.Testng.day4.DataProviver.DataProvider_TN" name="rediffLogin" time="8.985"/>
  <testcase classname="com.Testng.day4.DataProviver.DataProvider_TN" name="rediffLogin" time="7.935"/>
</testsuite> <!-- com.Testng.day4.DataProviver.DataProvider_TN -->
