<?xml version="1.0" encoding="UTF-8"?>
<!-- Generated by org.testng.reporters.JUnitReportReporter -->
<testsuite hostname="LAPTOP-J2EHUA6C" failures="0" tests="5" name="com.Testng.day4.DataProviver.Another_Class" time="63.843" errors="0" timestamp="2024-03-05T21:23:52 EST" skipped="0">
  <testcase classname="com.Testng.day4.DataProviver.Another_Class" name="anotherLogin" time="12.513"/>
  <testcase classname="com.Testng.day4.DataProviver.Another_Class" name="anotherLogin" time="12.328"/>
  <testcase classname="com.Testng.day4.DataProviver.Another_Class" name="anotherLogin" time="12.674"/>
  <testcase classname="com.Testng.day4.DataProviver.Another_Class" name="anotherLogin" time="12.453"/>
  <testcase classname="com.Testng.day4.DataProviver.Another_Class" name="anotherLogin" time="13.875"/>
</testsuite> <!-- com.Testng.day4.DataProviver.Another_Class -->
