<?xml version="1.0" encoding="UTF-8"?>
<!-- Generated by org.testng.reporters.JUnitReportReporter -->
<testsuite hostname="LAPTOP-J2EHUA6C" failures="0" tests="6" name="com.Testng.day4.PracticeProject.RegistrationTN" time="92.267" errors="0" timestamp="2024-03-05T23:40:05 EST" skipped="0">
  <testcase classname="com.Testng.day4.PracticeProject.RegistrationTN" name="TNRegistration" time="17.213"/>
  <testcase classname="com.Testng.day4.PracticeProject.RegistrationTN" name="TNRegistration" time="16.115"/>
  <testcase classname="com.Testng.day4.PracticeProject.RegistrationTN" name="TNRegistration" time="15.870"/>
  <testcase classname="com.Testng.day4.PracticeProject.RegistrationTN" name="TNRegistration" time="16.000"/>
  <testcase classname="com.Testng.day4.PracticeProject.RegistrationTN" name="TNRegistration" time="15.838"/>
  <testcase classname="com.Testng.day4.PracticeProject.RegistrationTN" name="TNRegnWithNoField" time="11.231"/>
</testsuite> <!-- com.Testng.day4.PracticeProject.RegistrationTN -->
